<?xml version="1.0" encoding="UTF-8"?>
<!-- Generated by org.testng.reporters.JUnitXMLReporter -->
<testsuite ignored="2" hostname="AMIT" failures="0" tests="0" time="0.003" errors="0" timestamp="18 Jan 2024 17:37:35 GMT">
  <testcase classname="com.app.sunbeam.tests.BaseTest" name="@BeforeSuite setUp" time="1.922">
    <failure type="java.lang.StackOverflowError">
      <![CDATA[java.lang.StackOverflowError
at com.app.sunbeam.Driver.DriverManager.getDriver(DriverManager.java:14)
at com.app.sunbeam.Driver.DriverManager.getDriver(DriverManager.java:14)
at com.app.sunbeam.Driver.DriverManager.getDriver(DriverManager.java:14)
at com.app.sunbeam.Driver.DriverManager.getDriver(DriverManager.java:14)
at com.app.sunbeam.Driver.DriverManager.getDriver(DriverManager.java:14)
at com.app.sunbeam.Driver.DriverManager.getDriver(DriverManager.java:14)
at com.app.sunbeam.Driver.DriverManager.getDriver(DriverManager.java:14)
at com.app.sunbeam.Driver.DriverManager.getDriver(DriverManager.java:14)
at com.app.sunbeam.Driver.DriverManager.getDriver(DriverManager.java:14)
at com.app.sunbeam.Driver.DriverManager.getDriver(DriverManager.java:14)
at com.app.sunbeam.Driver.DriverManager.getDriver(DriverManager.java:14)
at com.app.sunbeam.Driver.DriverManager.getDriver(DriverManager.java:14)
at com.app.sunbeam.Driver.DriverManager.getDriver(DriverManager.java:14)
at com.app.sunbeam.Driver.DriverManager.getDriver(DriverManager.java:14)
at com.app.sunbeam.Driver.DriverManager.getDriver(DriverManager.java:14)
at com.app.sunbeam.Driver.DriverManager.getDriver(DriverManager.java:14)
at com.app.sunbeam.Driver.DriverManager.getDriver(DriverManager.java:14)
at com.app.sunbeam.Driver.DriverManager.getDriver(DriverManager.java:14)
at com.app.sunbeam.Driver.DriverManager.getDriver(DriverManager.java:14)
at com.app.sunbeam.Driver.DriverManager.getDriver(DriverManager.java:14)
at com.app.sunbeam.Driver.DriverManager.getDriver(DriverManager.java:14)
at com.app.sunbeam.Driver.DriverManager.getDriver(DriverManager.java:14)
at com.app.sunbeam.Driver.DriverManager.getDriver(DriverManager.java:14)
at com.app.sunbeam.Driver.DriverManager.getDriver(DriverManager.java:14)
at com.app.sunbeam.Driver.DriverManager.getDriver(DriverManager.java:14)
at com.app.sunbeam.Driver.DriverManager.getDriver(DriverManager.java:14)
at com.app.sunbeam.Driver.DriverManager.getDriver(DriverManager.java:14)
at com.app.sunbeam.Driver.DriverManager.getDriver(DriverManager.java:14)
at com.app.sunbeam.Driver.DriverManager.getDriver(DriverManager.java:14)
at com.app.sunbeam.Driver.DriverManager.getDriver(DriverManager.java:14)
at com.app.sunbeam.Driver.DriverManager.getDriver(DriverManager.java:14)
at com.app.sunbeam.Driver.DriverManager.getDriver(DriverManager.java:14)
at com.app.sunbeam.Driver.DriverManager.getDriver(DriverManager.java:14)
at com.app.sunbeam.Driver.DriverManager.getDriver(DriverManager.java:14)
at com.app.sunbeam.Driver.DriverManager.getDriver(DriverManager.java:14)
at com.app.sunbeam.Driver.DriverManager.getDriver(DriverManager.java:14)
at com.app.sunbeam.Driver.DriverManager.getDriver(DriverManager.java:14)
at com.app.sunbeam.Driver.DriverManager.getDriver(DriverManager.java:14)
at com.app.sunbeam.Driver.DriverManager.getDriver(DriverManager.java:14)
at com.app.sunbeam.Driver.DriverManager.getDriver(DriverManager.java:14)
at com.app.sunbeam.Driver.DriverManager.getDriver(DriverManager.java:14)
at com.app.sunbeam.Driver.DriverManager.getDriver(DriverManager.java:14)
at com.app.sunbeam.Driver.DriverManager.getDriver(DriverManager.java:14)
at com.app.sunbeam.Driver.DriverManager.getDriver(DriverManager.java:14)
at com.app.sunbeam.Driver.DriverManager.getDriver(DriverManager.java:14)
at com.app.sunbeam.Driver.DriverManager.getDriver(DriverManager.java:14)
at com.app.sunbeam.Driver.DriverManager.getDriver(DriverManager.java:14)
at com.app.sunbeam.Driver.DriverManager.getDriver(DriverManager.java:14)
at com.app.sunbeam.Driver.DriverManager.getDriver(DriverManager.java:14)
at com.app.sunbeam.Driver.DriverManager.getDriver(DriverManager.java:14)
at com.app.sunbeam.Driver.DriverManager.getDriver(DriverManager.java:14)
at com.app.sunbeam.Driver.DriverManager.getDriver(DriverManager.java:14)
at com.app.sunbeam.Driver.DriverManager.getDriver(DriverManager.java:14)
at com.app.sunbeam.Driver.DriverManager.getDriver(DriverManager.java:14)
at com.app.sunbeam.Driver.DriverManager.getDriver(DriverManager.java:14)
at com.app.sunbeam.Driver.DriverManager.getDriver(DriverManager.java:14)
at com.app.sunbeam.Driver.DriverManager.getDriver(DriverManager.java:14)
at com.app.sunbeam.Driver.DriverManager.getDriver(DriverManager.java:14)
at com.app.sunbeam.Driver.DriverManager.getDriver(DriverManager.java:14)
at com.app.sunbeam.Driver.DriverManager.getDriver(DriverManager.java:14)
at com.app.sunbeam.Driver.DriverManager.getDriver(DriverManager.java:14)
at com.app.sunbeam.Driver.DriverManager.getDriver(DriverManager.java:14)
at com.app.sunbeam.Driver.DriverManager.getDriver(DriverManager.java:14)
at com.app.sunbeam.Driver.DriverManager.getDriver(DriverManager.java:14)
at com.app.sunbeam.Driver.DriverManager.getDriver(DriverManager.java:14)
at com.app.sunbeam.Driver.DriverManager.getDriver(DriverManager.java:14)
at com.app.sunbeam.Driver.DriverManager.getDriver(DriverManager.java:14)
at com.app.sunbeam.Driver.DriverManager.getDriver(DriverManager.java:14)
at com.app.sunbeam.Driver.DriverManager.getDriver(DriverManager.java:14)
at com.app.sunbeam.Driver.DriverManager.getDriver(DriverManager.java:14)
at com.app.sunbeam.Driver.DriverManager.getDriver(DriverManager.java:14)
at com.app.sunbeam.Driver.DriverManager.getDriver(DriverManager.java:14)
at com.app.sunbeam.Driver.DriverManager.getDriver(DriverManager.java:14)
at com.app.sunbeam.Driver.DriverManager.getDriver(DriverManager.java:14)
at com.app.sunbeam.Driver.DriverManager.getDriver(DriverManager.java:14)
at com.app.sunbeam.Driver.DriverManager.getDriver(DriverManager.java:14)
at com.app.sunbeam.Driver.DriverManager.getDriver(DriverManager.java:14)
at com.app.sunbeam.Driver.DriverManager.getDriver(DriverManager.java:14)
at com.app.sunbeam.Driver.DriverManager.getDriver(DriverManager.java:14)
at com.app.sunbeam.Driver.DriverManager.getDriver(DriverManager.java:14)
at com.app.sunbeam.Driver.DriverManager.getDriver(DriverManager.java:14)
at com.app.sunbeam.Driver.DriverManager.getDriver(DriverManager.java:14)
at com.app.sunbeam.Driver.DriverManager.getDriver(DriverManager.java:14)
at com.app.sunbeam.Driver.DriverManager.getDriver(DriverManager.java:14)
at com.app.sunbeam.Driver.DriverManager.getDriver(DriverManager.java:14)
at com.app.sunbeam.Driver.DriverManager.getDriver(DriverManager.java:14)
at com.app.sunbeam.Driver.DriverManager.getDriver(DriverManager.java:14)
at com.app.sunbeam.Driver.DriverManager.getDriver(DriverManager.java:14)
at com.app.sunbeam.Driver.DriverManager.getDriver(DriverManager.java:14)
at com.app.sunbeam.Driver.DriverManager.getDriver(DriverManager.java:14)
at com.app.sunbeam.Driver.DriverManager.getDriver(DriverManager.java:14)
at com.app.sunbeam.Driver.DriverManager.getDriver(DriverManager.java:14)
at com.app.sunbeam.Driver.DriverManager.getDriver(DriverManager.java:14)
at com.app.sunbeam.Driver.DriverManager.getDriver(DriverManager.java:14)
at com.app.sunbeam.Driver.DriverManager.getDriver(DriverManager.java:14)
at com.app.sunbeam.Driver.DriverManager.getDriver(DriverManager.java:14)
at com.app.sunbeam.Driver.DriverManager.getDriver(DriverManager.java:14)
at com.app.sunbeam.Driver.DriverManager.getDriver(DriverManager.java:14)
at com.app.sunbeam.Driver.DriverManager.getDriver(DriverManager.java:14)
at com.app.sunbeam.Driver.DriverManager.getDriver(DriverManager.java:14)
at com.app.sunbeam.Driver.DriverManager.getDriver(DriverManager.java:14)
at com.app.sunbeam.Driver.DriverManager.getDriver(DriverManager.java:14)
at com.app.sunbeam.Driver.DriverManager.getDriver(DriverManager.java:14)
at com.app.sunbeam.Driver.DriverManager.getDriver(DriverManager.java:14)
at com.app.sunbeam.Driver.DriverManager.getDriver(DriverManager.java:14)
at com.app.sunbeam.Driver.DriverManager.getDriver(DriverManager.java:14)
at com.app.sunbeam.Driver.DriverManager.getDriver(DriverManager.java:14)
at com.app.sunbeam.Driver.DriverManager.getDriver(DriverManager.java:14)
at com.app.sunbeam.Driver.DriverManager.getDriver(DriverManager.java:14)
at com.app.sunbeam.Driver.DriverManager.getDriver(DriverManager.java:14)
at com.app.sunbeam.Driver.DriverManager.getDriver(DriverManager.java:14)
at com.app.sunbeam.Driver.DriverManager.getDriver(DriverManager.java:14)
at com.app.sunbeam.Driver.DriverManager.getDriver(DriverManager.java:14)
at com.app.sunbeam.Driver.DriverManager.getDriver(DriverManager.java:14)
at com.app.sunbeam.Driver.DriverManager.getDriver(DriverManager.java:14)
at com.app.sunbeam.Driver.DriverManager.getDriver(DriverManager.java:14)
at com.app.sunbeam.Driver.DriverManager.getDriver(DriverManager.java:14)
at com.app.sunbeam.Driver.DriverManager.getDriver(DriverManager.java:14)
at com.app.sunbeam.Driver.DriverManager.getDriver(DriverManager.java:14)
at com.app.sunbeam.Driver.DriverManager.getDriver(DriverManager.java:14)
at com.app.sunbeam.Driver.DriverManager.getDriver(DriverManager.java:14)
at com.app.sunbeam.Driver.DriverManager.getDriver(DriverManager.java:14)
at com.app.sunbeam.Driver.DriverManager.getDriver(DriverManager.java:14)
at com.app.sunbeam.Driver.DriverManager.getDriver(DriverManager.java:14)
at com.app.sunbeam.Driver.DriverManager.getDriver(DriverManager.java:14)
at com.app.sunbeam.Driver.DriverManager.getDriver(DriverManager.java:14)
at com.app.sunbeam.Driver.DriverManager.getDriver(DriverManager.java:14)
at com.app.sunbeam.Driver.DriverManager.getDriver(DriverManager.java:14)
at com.app.sunbeam.Driver.DriverManager.getDriver(DriverManager.java:14)
at com.app.sunbeam.Driver.DriverManager.getDriver(DriverManager.java:14)
at com.app.sunbeam.Driver.DriverManager.getDriver(DriverManager.java:14)
at com.app.sunbeam.Driver.DriverManager.getDriver(DriverManager.java:14)
at com.app.sunbeam.Driver.DriverManager.getDriver(DriverManager.java:14)
at com.app.sunbeam.Driver.DriverManager.getDriver(DriverManager.java:14)
at com.app.sunbeam.Driver.DriverManager.getDriver(DriverManager.java:14)
at com.app.sunbeam.Driver.DriverManager.getDriver(DriverManager.java:14)
at com.app.sunbeam.Driver.DriverManager.getDriver(DriverManager.java:14)
at com.app.sunbeam.Driver.DriverManager.getDriver(DriverManager.java:14)
at com.app.sunbeam.Driver.DriverManager.getDriver(DriverManager.java:14)
at com.app.sunbeam.Driver.DriverManager.getDriver(DriverManager.java:14)
at com.app.sunbeam.Driver.DriverManager.getDriver(DriverManager.java:14)
at com.app.sunbeam.Driver.DriverManager.getDriver(DriverManager.java:14)
at com.app.sunbeam.Driver.DriverManager.getDriver(DriverManager.java:14)
at com.app.sunbeam.Driver.DriverManager.getDriver(DriverManager.java:14)
at com.app.sunbeam.Driver.DriverManager.getDriver(DriverManager.java:14)
at com.app.sunbeam.Driver.DriverManager.getDriver(DriverManager.java:14)
at com.app.sunbeam.Driver.DriverManager.getDriver(DriverManager.java:14)
at com.app.sunbeam.Driver.DriverManager.getDriver(DriverManager.java:14)
at com.app.sunbeam.Driver.DriverManager.getDriver(DriverManager.java:14)
at com.app.sunbeam.Driver.DriverManager.getDriver(DriverManager.java:14)
at com.app.sunbeam.Driver.DriverManager.getDriver(DriverManager.java:14)
at com.app.sunbeam.Driver.DriverManager.getDriver(DriverManager.java:14)
at com.app.sunbeam.Driver.DriverManager.getDriver(DriverManager.java:14)
at com.app.sunbeam.Driver.DriverManager.getDriver(DriverManager.java:14)
at com.app.sunbeam.Driver.DriverManager.getDriver(DriverManager.java:14)
at com.app.sunbeam.Driver.DriverManager.getDriver(DriverManager.java:14)
at com.app.sunbeam.Driver.DriverManager.getDriver(DriverManager.java:14)
at com.app.sunbeam.Driver.DriverManager.getDriver(DriverManager.java:14)
at com.app.sunbeam.Driver.DriverManager.getDriver(DriverManager.java:14)
at com.app.sunbeam.Driver.DriverManager.getDriver(DriverManager.java:14)
at com.app.sunbeam.Driver.DriverManager.getDriver(DriverManager.java:14)
at com.app.sunbeam.Driver.DriverManager.getDriver(DriverManager.java:14)
at com.app.sunbeam.Driver.DriverManager.getDriver(DriverManager.java:14)
at com.app.sunbeam.Driver.DriverManager.getDriver(DriverManager.java:14)
at com.app.sunbeam.Driver.DriverManager.getDriver(DriverManager.java:14)
at com.app.sunbeam.Driver.DriverManager.getDriver(DriverManager.java:14)
at com.app.sunbeam.Driver.DriverManager.getDriver(DriverManager.java:14)
at com.app.sunbeam.Driver.DriverManager.getDriver(DriverManager.java:14)
at com.app.sunbeam.Driver.DriverManager.getDriver(DriverManager.java:14)
at com.app.sunbeam.Driver.DriverManager.getDriver(DriverManager.java:14)
at com.app.sunbeam.Driver.DriverManager.getDriver(DriverManager.java:14)
at com.app.sunbeam.Driver.DriverManager.getDriver(DriverManager.java:14)
at com.app.sunbeam.Driver.DriverManager.getDriver(DriverManager.java:14)
at com.app.sunbeam.Driver.DriverManager.getDriver(DriverManager.java:14)
at com.app.sunbeam.Driver.DriverManager.getDriver(DriverManager.java:14)
at com.app.sunbeam.Driver.DriverManager.getDriver(DriverManager.java:14)
at com.app.sunbeam.Driver.DriverManager.getDriver(DriverManager.java:14)
at com.app.sunbeam.Driver.DriverManager.getDriver(DriverManager.java:14)
at com.app.sunbeam.Driver.DriverManager.getDriver(DriverManager.java:14)
at com.app.sunbeam.Driver.DriverManager.getDriver(DriverManager.java:14)
at com.app.sunbeam.Driver.DriverManager.getDriver(DriverManager.java:14)
at com.app.sunbeam.Driver.DriverManager.getDriver(DriverManager.java:14)
at com.app.sunbeam.Driver.DriverManager.getDriver(DriverManager.java:14)
at com.app.sunbeam.Driver.DriverManager.getDriver(DriverManager.java:14)
at com.app.sunbeam.Driver.DriverManager.getDriver(DriverManager.java:14)
at com.app.sunbeam.Driver.DriverManager.getDriver(DriverManager.java:14)
at com.app.sunbeam.Driver.DriverManager.getDriver(DriverManager.java:14)
at com.app.sunbeam.Driver.DriverManager.getDriver(DriverManager.java:14)
at com.app.sunbeam.Driver.DriverManager.getDriver(DriverManager.java:14)
at com.app.sunbeam.Driver.DriverManager.getDriver(DriverManager.java:14)
at com.app.sunbeam.Driver.DriverManager.getDriver(DriverManager.java:14)
at com.app.sunbeam.Driver.DriverManager.getDriver(DriverManager.java:14)
at com.app.sunbeam.Driver.DriverManager.getDriver(DriverManager.java:14)
at com.app.sunbeam.Driver.DriverManager.getDriver(DriverManager.java:14)
at com.app.sunbeam.Driver.DriverManager.getDriver(DriverManager.java:14)
at com.app.sunbeam.Driver.DriverManager.getDriver(DriverManager.java:14)
at com.app.sunbeam.Driver.DriverManager.getDriver(DriverManager.java:14)
at com.app.sunbeam.Driver.DriverManager.getDriver(DriverManager.java:14)
at com.app.sunbeam.Driver.DriverManager.getDriver(DriverManager.java:14)
at com.app.sunbeam.Driver.DriverManager.getDriver(DriverManager.java:14)
at com.app.sunbeam.Driver.DriverManager.getDriver(DriverManager.java:14)
at com.app.sunbeam.Driver.DriverManager.getDriver(DriverManager.java:14)
at com.app.sunbeam.Driver.DriverManager.getDriver(DriverManager.java:14)
at com.app.sunbeam.Driver.DriverManager.getDriver(DriverManager.java:14)
at com.app.sunbeam.Driver.DriverManager.getDriver(DriverManager.java:14)
at com.app.sunbeam.Driver.DriverManager.getDriver(DriverManager.java:14)
at com.app.sunbeam.Driver.DriverManager.getDriver(DriverManager.java:14)
at com.app.sunbeam.Driver.DriverManager.getDriver(DriverManager.java:14)
at com.app.sunbeam.Driver.DriverManager.getDriver(DriverManager.java:14)
at com.app.sunbeam.Driver.DriverManager.getDriver(DriverManager.java:14)
at com.app.sunbeam.Driver.DriverManager.getDriver(DriverManager.java:14)
at com.app.sunbeam.Driver.DriverManager.getDriver(DriverManager.java:14)
at com.app.sunbeam.Driver.DriverManager.getDriver(DriverManager.java:14)
at com.app.sunbeam.Driver.DriverManager.getDriver(DriverManager.java:14)
at com.app.sunbeam.Driver.DriverManager.getDriver(DriverManager.java:14)
at com.app.sunbeam.Driver.DriverManager.getDriver(DriverManager.java:14)
at com.app.sunbeam.Driver.DriverManager.getDriver(DriverManager.java:14)
at com.app.sunbeam.Driver.DriverManager.getDriver(DriverManager.java:14)
at com.app.sunbeam.Driver.DriverManager.getDriver(DriverManager.java:14)
at com.app.sunbeam.Driver.DriverManager.getDriver(DriverManager.java:14)
at com.app.sunbeam.Driver.DriverManager.getDriver(DriverManager.java:14)
at com.app.sunbeam.Driver.DriverManager.getDriver(DriverManager.java:14)
at com.app.sunbeam.Driver.DriverManager.getDriver(DriverManager.java:14)
at com.app.sunbeam.Driver.DriverManager.getDriver(DriverManager.java:14)
at com.app.sunbeam.Driver.DriverManager.getDriver(DriverManager.java:14)
at com.app.sunbeam.Driver.DriverManager.getDriver(DriverManager.java:14)
at com.app.sunbeam.Driver.DriverManager.getDriver(DriverManager.java:14)
at com.app.sunbeam.Driver.DriverManager.getDriver(DriverManager.java:14)
at com.app.sunbeam.Driver.DriverManager.getDriver(DriverManager.java:14)
at com.app.sunbeam.Driver.DriverManager.getDriver(DriverManager.java:14)
at com.app.sunbeam.Driver.DriverManager.getDriver(DriverManager.java:14)
at com.app.sunbeam.Driver.DriverManager.getDriver(DriverManager.java:14)
at com.app.sunbeam.Driver.DriverManager.getDriver(DriverManager.java:14)
at com.app.sunbeam.Driver.DriverManager.getDriver(DriverManager.java:14)
at com.app.sunbeam.Driver.DriverManager.getDriver(DriverManager.java:14)
at com.app.sunbeam.Driver.DriverManager.getDriver(DriverManager.java:14)
at com.app.sunbeam.Driver.DriverManager.getDriver(DriverManager.java:14)
at com.app.sunbeam.Driver.DriverManager.getDriver(DriverManager.java:14)
at com.app.sunbeam.Driver.DriverManager.getDriver(DriverManager.java:14)
at com.app.sunbeam.Driver.DriverManager.getDriver(DriverManager.java:14)
at com.app.sunbeam.Driver.DriverManager.getDriver(DriverManager.java:14)
at com.app.sunbeam.Driver.DriverManager.getDriver(DriverManager.java:14)
at com.app.sunbeam.Driver.DriverManager.getDriver(DriverManager.java:14)
at com.app.sunbeam.Driver.DriverManager.getDriver(DriverManager.java:14)
at com.app.sunbeam.Driver.DriverManager.getDriver(DriverManager.java:14)
at com.app.sunbeam.Driver.DriverManager.getDriver(DriverManager.java:14)
at com.app.sunbeam.Driver.DriverManager.getDriver(DriverManager.java:14)
at com.app.sunbeam.Driver.DriverManager.getDriver(DriverManager.java:14)
at com.app.sunbeam.Driver.DriverManager.getDriver(DriverManager.java:14)
at com.app.sunbeam.Driver.DriverManager.getDriver(DriverManager.java:14)
at com.app.sunbeam.Driver.DriverManager.getDriver(DriverManager.java:14)
at com.app.sunbeam.Driver.DriverManager.getDriver(DriverManager.java:14)
at com.app.sunbeam.Driver.DriverManager.getDriver(DriverManager.java:14)
at com.app.sunbeam.Driver.DriverManager.getDriver(DriverManager.java:14)
at com.app.sunbeam.Driver.DriverManager.getDriver(DriverManager.java:14)
at com.app.sunbeam.Driver.DriverManager.getDriver(DriverManager.java:14)
at com.app.sunbeam.Driver.DriverManager.getDriver(DriverManager.java:14)
at com.app.sunbeam.Driver.DriverManager.getDriver(DriverManager.java:14)
at com.app.sunbeam.Driver.DriverManager.getDriver(DriverManager.java:14)
at com.app.sunbeam.Driver.DriverManager.getDriver(DriverManager.java:14)
at com.app.sunbeam.Driver.DriverManager.getDriver(DriverManager.java:14)
at com.app.sunbeam.Driver.DriverManager.getDriver(DriverManager.java:14)
at com.app.sunbeam.Driver.DriverManager.getDriver(DriverManager.java:14)
at com.app.sunbeam.Driver.DriverManager.getDriver(DriverManager.java:14)
at com.app.sunbeam.Driver.DriverManager.getDriver(DriverManager.java:14)
at com.app.sunbeam.Driver.DriverManager.getDriver(DriverManager.java:14)
at com.app.sunbeam.Driver.DriverManager.getDriver(DriverManager.java:14)
at com.app.sunbeam.Driver.DriverManager.getDriver(DriverManager.java:14)
at com.app.sunbeam.Driver.DriverManager.getDriver(DriverManager.java:14)
at com.app.sunbeam.Driver.DriverManager.getDriver(DriverManager.java:14)
at com.app.sunbeam.Driver.DriverManager.getDriver(DriverManager.java:14)
at com.app.sunbeam.Driver.DriverManager.getDriver(DriverManager.java:14)
at com.app.sunbeam.Driver.DriverManager.getDriver(DriverManager.java:14)
at com.app.sunbeam.Driver.DriverManager.getDriver(DriverManager.java:14)
at com.app.sunbeam.Driver.DriverManager.getDriver(DriverManager.java:14)
at com.app.sunbeam.Driver.DriverManager.getDriver(DriverManager.java:14)
at com.app.sunbeam.Driver.DriverManager.getDriver(DriverManager.java:14)
at com.app.sunbeam.Driver.DriverManager.getDriver(DriverManager.java:14)
at com.app.sunbeam.Driver.DriverManager.getDriver(DriverManager.java:14)
at com.app.sunbeam.Driver.DriverManager.getDriver(DriverManager.java:14)
at com.app.sunbeam.Driver.DriverManager.getDriver(DriverManager.java:14)
at com.app.sunbeam.Driver.DriverManager.getDriver(DriverManager.java:14)
at com.app.sunbeam.Driver.DriverManager.getDriver(DriverManager.java:14)
at com.app.sunbeam.Driver.DriverManager.getDriver(DriverManager.java:14)
at com.app.sunbeam.Driver.DriverManager.getDriver(DriverManager.java:14)
at com.app.sunbeam.Driver.DriverManager.getDriver(DriverManager.java:14)
at com.app.sunbeam.Driver.DriverManager.getDriver(DriverManager.java:14)
at com.app.sunbeam.Driver.DriverManager.getDriver(DriverManager.java:14)
at com.app.sunbeam.Driver.DriverManager.getDriver(DriverManager.java:14)
at com.app.sunbeam.Driver.DriverManager.getDriver(DriverManager.java:14)
at com.app.sunbeam.Driver.DriverManager.getDriver(DriverManager.java:14)
at com.app.sunbeam.Driver.DriverManager.getDriver(DriverManager.java:14)
at com.app.sunbeam.Driver.DriverManager.getDriver(DriverManager.java:14)
at com.app.sunbeam.Driver.DriverManager.getDriver(DriverManager.java:14)
at com.app.sunbeam.Driver.DriverManager.getDriver(DriverManager.java:14)
at com.app.sunbeam.Driver.DriverManager.getDriver(DriverManager.java:14)
at com.app.sunbeam.Driver.DriverManager.getDriver(DriverManager.java:14)
at com.app.sunbeam.Driver.DriverManager.getDriver(DriverManager.java:14)
at com.app.sunbeam.Driver.DriverManager.getDriver(DriverManager.java:14)
at com.app.sunbeam.Driver.DriverManager.getDriver(DriverManager.java:14)
at com.app.sunbeam.Driver.DriverManager.getDriver(DriverManager.java:14)
at com.app.sunbeam.Driver.DriverManager.getDriver(DriverManager.java:14)
at com.app.sunbeam.Driver.DriverManager.getDriver(DriverManager.java:14)
at com.app.sunbeam.Driver.DriverManager.getDriver(DriverManager.java:14)
at com.app.sunbeam.Driver.DriverManager.getDriver(DriverManager.java:14)
at com.app.sunbeam.Driver.DriverManager.getDriver(DriverManager.java:14)
at com.app.sunbeam.Driver.DriverManager.getDriver(DriverManager.java:14)
at com.app.sunbeam.Driver.DriverManager.getDriver(DriverManager.java:14)
at com.app.sunbeam.Driver.DriverManager.getDriver(DriverManager.java:14)
at com.app.sunbeam.Driver.DriverManager.getDriver(DriverManager.java:14)
at com.app.sunbeam.Driver.DriverManager.getDriver(DriverManager.java:14)
at com.app.sunbeam.Driver.DriverManager.getDriver(DriverManager.java:14)
at com.app.sunbeam.Driver.DriverManager.getDriver(DriverManager.java:14)
at com.app.sunbeam.Driver.DriverManager.getDriver(DriverManager.java:14)
at com.app.sunbeam.Driver.DriverManager.getDriver(DriverManager.java:14)
at com.app.sunbeam.Driver.DriverManager.getDriver(DriverManager.java:14)
at com.app.sunbeam.Driver.DriverManager.getDriver(DriverManager.java:14)
at com.app.sunbeam.Driver.DriverManager.getDriver(DriverManager.java:14)
at com.app.sunbeam.Driver.DriverManager.getDriver(DriverManager.java:14)
at com.app.sunbeam.Driver.DriverManager.getDriver(DriverManager.java:14)
at com.app.sunbeam.Driver.DriverManager.getDriver(DriverManager.java:14)
at com.app.sunbeam.Driver.DriverManager.getDriver(DriverManager.java:14)
at com.app.sunbeam.Driver.DriverManager.getDriver(DriverManager.java:14)
at com.app.sunbeam.Driver.DriverManager.getDriver(DriverManager.java:14)
at com.app.sunbeam.Driver.DriverManager.getDriver(DriverManager.java:14)
at com.app.sunbeam.Driver.DriverManager.getDriver(DriverManager.java:14)
at com.app.sunbeam.Driver.DriverManager.getDriver(DriverManager.java:14)
at com.app.sunbeam.Driver.DriverManager.getDriver(DriverManager.java:14)
at com.app.sunbeam.Driver.DriverManager.getDriver(DriverManager.java:14)
at com.app.sunbeam.Driver.DriverManager.getDriver(DriverManager.java:14)
at com.app.sunbeam.Driver.DriverManager.getDriver(DriverManager.java:14)
at com.app.sunbeam.Driver.DriverManager.getDriver(DriverManager.java:14)
at com.app.sunbeam.Driver.DriverManager.getDriver(DriverManager.java:14)
at com.app.sunbeam.Driver.DriverManager.getDriver(DriverManager.java:14)
at com.app.sunbeam.Driver.DriverManager.getDriver(DriverManager.java:14)
at com.app.sunbeam.Driver.DriverManager.getDriver(DriverManager.java:14)
at com.app.sunbeam.Driver.DriverManager.getDriver(DriverManager.java:14)
at com.app.sunbeam.Driver.DriverManager.getDriver(DriverManager.java:14)
at com.app.sunbeam.Driver.DriverManager.getDriver(DriverManager.java:14)
at com.app.sunbeam.Driver.DriverManager.getDriver(DriverManager.java:14)
at com.app.sunbeam.Driver.DriverManager.getDriver(DriverManager.java:14)
at com.app.sunbeam.Driver.DriverManager.getDriver(DriverManager.java:14)
at com.app.sunbeam.Driver.DriverManager.getDriver(DriverManager.java:14)
at com.app.sunbeam.Driver.DriverManager.getDriver(DriverManager.java:14)
at com.app.sunbeam.Driver.DriverManager.getDriver(DriverManager.java:14)
at com.app.sunbeam.Driver.DriverManager.getDriver(DriverManager.java:14)
at com.app.sunbeam.Driver.DriverManager.getDriver(DriverManager.java:14)
at com.app.sunbeam.Driver.DriverManager.getDriver(DriverManager.java:14)
at com.app.sunbeam.Driver.DriverManager.getDriver(DriverManager.java:14)
at com.app.sunbeam.Driver.DriverManager.getDriver(DriverManager.java:14)
at com.app.sunbeam.Driver.DriverManager.getDriver(DriverManager.java:14)
at com.app.sunbeam.Driver.DriverManager.getDriver(DriverManager.java:14)
at com.app.sunbeam.Driver.DriverManager.getDriver(DriverManager.java:14)
at com.app.sunbeam.Driver.DriverManager.getDriver(DriverManager.java:14)
at com.app.sunbeam.Driver.DriverManager.getDriver(DriverManager.java:14)
at com.app.sunbeam.Driver.DriverManager.getDriver(DriverManager.java:14)
at com.app.sunbeam.Driver.DriverManager.getDriver(DriverManager.java:14)
at com.app.sunbeam.Driver.DriverManager.getDriver(DriverManager.java:14)
at com.app.sunbeam.Driver.DriverManager.getDriver(DriverManager.java:14)
at com.app.sunbeam.Driver.DriverManager.getDriver(DriverManager.java:14)
at com.app.sunbeam.Driver.DriverManager.getDriver(DriverManager.java:14)
at com.app.sunbeam.Driver.DriverManager.getDriver(DriverManager.java:14)
at com.app.sunbeam.Driver.DriverManager.getDriver(DriverManager.java:14)
at com.app.sunbeam.Driver.DriverManager.getDriver(DriverManager.java:14)
at com.app.sunbeam.Driver.DriverManager.getDriver(DriverManager.java:14)
at com.app.sunbeam.Driver.DriverManager.getDriver(DriverManager.java:14)
at com.app.sunbeam.Driver.DriverManager.getDriver(DriverManager.java:14)
at com.app.sunbeam.Driver.DriverManager.getDriver(DriverManager.java:14)
at com.app.sunbeam.Driver.DriverManager.getDriver(DriverManager.java:14)
at com.app.sunbeam.Driver.DriverManager.getDriver(DriverManager.java:14)
at com.app.sunbeam.Driver.DriverManager.getDriver(DriverManager.java:14)
at com.app.sunbeam.Driver.DriverManager.getDriver(DriverManager.java:14)
at com.app.sunbeam.Driver.DriverManager.getDriver(DriverManager.java:14)
at com.app.sunbeam.Driver.DriverManager.getDriver(DriverManager.java:14)
at com.app.sunbeam.Driver.DriverManager.getDriver(DriverManager.java:14)
at com.app.sunbeam.Driver.DriverManager.getDriver(DriverManager.java:14)
at com.app.sunbeam.Driver.DriverManager.getDriver(DriverManager.java:14)
at com.app.sunbeam.Driver.DriverManager.getDriver(DriverManager.java:14)
at com.app.sunbeam.Driver.DriverManager.getDriver(DriverManager.java:14)
at com.app.sunbeam.Driver.DriverManager.getDriver(DriverManager.java:14)
at com.app.sunbeam.Driver.DriverManager.getDriver(DriverManager.java:14)
at com.app.sunbeam.Driver.DriverManager.getDriver(DriverManager.java:14)
at com.app.sunbeam.Driver.DriverManager.getDriver(DriverManager.java:14)
at com.app.sunbeam.Driver.DriverManager.getDriver(DriverManager.java:14)
at com.app.sunbeam.Driver.DriverManager.getDriver(DriverManager.java:14)
at com.app.sunbeam.Driver.DriverManager.getDriver(DriverManager.java:14)
at com.app.sunbeam.Driver.DriverManager.getDriver(DriverManager.java:14)
at com.app.sunbeam.Driver.DriverManager.getDriver(DriverManager.java:14)
at com.app.sunbeam.Driver.DriverManager.getDriver(DriverManager.java:14)
at com.app.sunbeam.Driver.DriverManager.getDriver(DriverManager.java:14)
at com.app.sunbeam.Driver.DriverManager.getDriver(DriverManager.java:14)
at com.app.sunbeam.Driver.DriverManager.getDriver(DriverManager.java:14)
at com.app.sunbeam.Driver.DriverManager.getDriver(DriverManager.java:14)
at com.app.sunbeam.Driver.DriverManager.getDriver(DriverManager.java:14)
at com.app.sunbeam.Driver.DriverManager.getDriver(DriverManager.java:14)
at com.app.sunbeam.Driver.DriverManager.getDriver(DriverManager.java:14)
at com.app.sunbeam.Driver.DriverManager.getDriver(DriverManager.java:14)
at com.app.sunbeam.Driver.DriverManager.getDriver(DriverManager.java:14)
at com.app.sunbeam.Driver.DriverManager.getDriver(DriverManager.java:14)
at com.app.sunbeam.Driver.DriverManager.getDriver(DriverManager.java:14)
at com.app.sunbeam.Driver.DriverManager.getDriver(DriverManager.java:14)
at com.app.sunbeam.Driver.DriverManager.getDriver(DriverManager.java:14)
at com.app.sunbeam.Driver.DriverManager.getDriver(DriverManager.java:14)
at com.app.sunbeam.Driver.DriverManager.getDriver(DriverManager.java:14)
at com.app.sunbeam.Driver.DriverManager.getDriver(DriverManager.java:14)
at com.app.sunbeam.Driver.DriverManager.getDriver(DriverManager.java:14)
at com.app.sunbeam.Driver.DriverManager.getDriver(DriverManager.java:14)
at com.app.sunbeam.Driver.DriverManager.getDriver(DriverManager.java:14)
at com.app.sunbeam.Driver.DriverManager.getDriver(DriverManager.java:14)
at com.app.sunbeam.Driver.DriverManager.getDriver(DriverManager.java:14)
at com.app.sunbeam.Driver.DriverManager.getDriver(DriverManager.java:14)
at com.app.sunbeam.Driver.DriverManager.getDriver(DriverManager.java:14)
at com.app.sunbeam.Driver.DriverManager.getDriver(DriverManager.java:14)
at com.app.sunbeam.Driver.DriverManager.getDriver(DriverManager.java:14)
at com.app.sunbeam.Driver.DriverManager.getDriver(DriverManager.java:14)
at com.app.sunbeam.Driver.DriverManager.getDriver(DriverManager.java:14)
at com.app.sunbeam.Driver.DriverManager.getDriver(DriverManager.java:14)
at com.app.sunbeam.Driver.DriverManager.getDriver(DriverManager.java:14)
at com.app.sunbeam.Driver.DriverManager.getDriver(DriverManager.java:14)
at com.app.sunbeam.Driver.DriverManager.getDriver(DriverManager.java:14)
at com.app.sunbeam.Driver.DriverManager.getDriver(DriverManager.java:14)
at com.app.sunbeam.Driver.DriverManager.getDriver(DriverManager.java:14)
at com.app.sunbeam.Driver.DriverManager.getDriver(DriverManager.java:14)
at com.app.sunbeam.Driver.DriverManager.getDriver(DriverManager.java:14)
at com.app.sunbeam.Driver.DriverManager.getDriver(DriverManager.java:14)
at com.app.sunbeam.Driver.DriverManager.getDriver(DriverManager.java:14)
at com.app.sunbeam.Driver.DriverManager.getDriver(DriverManager.java:14)
at com.app.sunbeam.Driver.DriverManager.getDriver(DriverManager.java:14)
at com.app.sunbeam.Driver.DriverManager.getDriver(DriverManager.java:14)
at com.app.sunbeam.Driver.DriverManager.getDriver(DriverManager.java:14)
at com.app.sunbeam.Driver.DriverManager.getDriver(DriverManager.java:14)
at com.app.sunbeam.Driver.DriverManager.getDriver(DriverManager.java:14)
at com.app.sunbeam.Driver.DriverManager.getDriver(DriverManager.java:14)
at com.app.sunbeam.Driver.DriverManager.getDriver(DriverManager.java:14)
at com.app.sunbeam.Driver.DriverManager.getDriver(DriverManager.java:14)
at com.app.sunbeam.Driver.DriverManager.getDriver(DriverManager.java:14)
at com.app.sunbeam.Driver.DriverManager.getDriver(DriverManager.java:14)
at com.app.sunbeam.Driver.DriverManager.getDriver(DriverManager.java:14)
at com.app.sunbeam.Driver.DriverManager.getDriver(DriverManager.java:14)
at com.app.sunbeam.Driver.DriverManager.getDriver(DriverManager.java:14)
at com.app.sunbeam.Driver.DriverManager.getDriver(DriverManager.java:14)
at com.app.sunbeam.Driver.DriverManager.getDriver(DriverManager.java:14)
at com.app.sunbeam.Driver.DriverManager.getDriver(DriverManager.java:14)
at com.app.sunbeam.Driver.DriverManager.getDriver(DriverManager.java:14)
at com.app.sunbeam.Driver.DriverManager.getDriver(DriverManager.java:14)
at com.app.sunbeam.Driver.DriverManager.getDriver(DriverManager.java:14)
at com.app.sunbeam.Driver.DriverManager.getDriver(DriverManager.java:14)
at com.app.sunbeam.Driver.DriverManager.getDriver(DriverManager.java:14)
at com.app.sunbeam.Driver.DriverManager.getDriver(DriverManager.java:14)
at com.app.sunbeam.Driver.DriverManager.getDriver(DriverManager.java:14)
at com.app.sunbeam.Driver.DriverManager.getDriver(DriverManager.java:14)
at com.app.sunbeam.Driver.DriverManager.getDriver(DriverManager.java:14)
at com.app.sunbeam.Driver.DriverManager.getDriver(DriverManager.java:14)
at com.app.sunbeam.Driver.DriverManager.getDriver(DriverManager.java:14)
at com.app.sunbeam.Driver.DriverManager.getDriver(DriverManager.java:14)
at com.app.sunbeam.Driver.DriverManager.getDriver(DriverManager.java:14)
at com.app.sunbeam.Driver.DriverManager.getDriver(DriverManager.java:14)
at com.app.sunbeam.Driver.DriverManager.getDriver(DriverManager.java:14)
at com.app.sunbeam.Driver.DriverManager.getDriver(DriverManager.java:14)
at com.app.sunbeam.Driver.DriverManager.getDriver(DriverManager.java:14)
at com.app.sunbeam.Driver.DriverManager.getDriver(DriverManager.java:14)
at com.app.sunbeam.Driver.DriverManager.getDriver(DriverManager.java:14)
at com.app.sunbeam.Driver.DriverManager.getDriver(DriverManager.java:14)
at com.app.sunbeam.Driver.DriverManager.getDriver(DriverManager.java:14)
at com.app.sunbeam.Driver.DriverManager.getDriver(DriverManager.java:14)
at com.app.sunbeam.Driver.DriverManager.getDriver(DriverManager.java:14)
at com.app.sunbeam.Driver.DriverManager.getDriver(DriverManager.java:14)
at com.app.sunbeam.Driver.DriverManager.getDriver(DriverManager.java:14)
at com.app.sunbeam.Driver.DriverManager.getDriver(DriverManager.java:14)
at com.app.sunbeam.Driver.DriverManager.getDriver(DriverManager.java:14)
at com.app.sunbeam.Driver.DriverManager.getDriver(DriverManager.java:14)
at com.app.sunbeam.Driver.DriverManager.getDriver(DriverManager.java:14)
at com.app.sunbeam.Driver.DriverManager.getDriver(DriverManager.java:14)
at com.app.sunbeam.Driver.DriverManager.getDriver(DriverManager.java:14)
at com.app.sunbeam.Driver.DriverManager.getDriver(DriverManager.java:14)
at com.app.sunbeam.Driver.DriverManager.getDriver(DriverManager.java:14)
at com.app.sunbeam.Driver.DriverManager.getDriver(DriverManager.java:14)
at com.app.sunbeam.Driver.DriverManager.getDriver(DriverManager.java:14)
at com.app.sunbeam.Driver.DriverManager.getDriver(DriverManager.java:14)
at com.app.sunbeam.Driver.DriverManager.getDriver(DriverManager.java:14)
at com.app.sunbeam.Driver.DriverManager.getDriver(DriverManager.java:14)
at com.app.sunbeam.Driver.DriverManager.getDriver(DriverManager.java:14)
at com.app.sunbeam.Driver.DriverManager.getDriver(DriverManager.java:14)
at com.app.sunbeam.Driver.DriverManager.getDriver(DriverManager.java:14)
at com.app.sunbeam.Driver.DriverManager.getDriver(DriverManager.java:14)
at com.app.sunbeam.Driver.DriverManager.getDriver(DriverManager.java:14)
at com.app.sunbeam.Driver.DriverManager.getDriver(DriverManager.java:14)
at com.app.sunbeam.Driver.DriverManager.getDriver(DriverManager.java:14)
at com.app.sunbeam.Driver.DriverManager.getDriver(DriverManager.java:14)
at com.app.sunbeam.Driver.DriverManager.getDriver(DriverManager.java:14)
at com.app.sunbeam.Driver.DriverManager.getDriver(DriverManager.java:14)
at com.app.sunbeam.Driver.DriverManager.getDriver(DriverManager.java:14)
at com.app.sunbeam.Driver.DriverManager.getDriver(DriverManager.java:14)
at com.app.sunbeam.Driver.DriverManager.getDriver(DriverManager.java:14)
at com.app.sunbeam.Driver.DriverManager.getDriver(DriverManager.java:14)
at com.app.sunbeam.Driver.DriverManager.getDriver(DriverManager.java:14)
at com.app.sunbeam.Driver.DriverManager.getDriver(DriverManager.java:14)
at com.app.sunbeam.Driver.DriverManager.getDriver(DriverManager.java:14)
at com.app.sunbeam.Driver.DriverManager.getDriver(DriverManager.java:14)
at com.app.sunbeam.Driver.DriverManager.getDriver(DriverManager.java:14)
at com.app.sunbeam.Driver.DriverManager.getDriver(DriverManager.java:14)
at com.app.sunbeam.Driver.DriverManager.getDriver(DriverManager.java:14)
at com.app.sunbeam.Driver.DriverManager.getDriver(DriverManager.java:14)
at com.app.sunbeam.Driver.DriverManager.getDriver(DriverManager.java:14)
at com.app.sunbeam.Driver.DriverManager.getDriver(DriverManager.java:14)
at com.app.sunbeam.Driver.DriverManager.getDriver(DriverManager.java:14)
at com.app.sunbeam.Driver.DriverManager.getDriver(DriverManager.java:14)
at com.app.sunbeam.Driver.DriverManager.getDriver(DriverManager.java:14)
at com.app.sunbeam.Driver.DriverManager.getDriver(DriverManager.java:14)
at com.app.sunbeam.Driver.DriverManager.getDriver(DriverManager.java:14)
at com.app.sunbeam.Driver.DriverManager.getDriver(DriverManager.java:14)
at com.app.sunbeam.Driver.DriverManager.getDriver(DriverManager.java:14)
at com.app.sunbeam.Driver.DriverManager.getDriver(DriverManager.java:14)
at com.app.sunbeam.Driver.DriverManager.getDriver(DriverManager.java:14)
at com.app.sunbeam.Driver.DriverManager.getDriver(DriverManager.java:14)
at com.app.sunbeam.Driver.DriverManager.getDriver(DriverManager.java:14)
at com.app.sunbeam.Driver.DriverManager.getDriver(DriverManager.java:14)
at com.app.sunbeam.Driver.DriverManager.getDriver(DriverManager.java:14)
at com.app.sunbeam.Driver.DriverManager.getDriver(DriverManager.java:14)
at com.app.sunbeam.Driver.DriverManager.getDriver(DriverManager.java:14)
at com.app.sunbeam.Driver.DriverManager.getDriver(DriverManager.java:14)
at com.app.sunbeam.Driver.DriverManager.getDriver(DriverManager.java:14)
at com.app.sunbeam.Driver.DriverManager.getDriver(DriverManager.java:14)
at com.app.sunbeam.Driver.DriverManager.getDriver(DriverManager.java:14)
at com.app.sunbeam.Driver.DriverManager.getDriver(DriverManager.java:14)
at com.app.sunbeam.Driver.DriverManager.getDriver(DriverManager.java:14)
at com.app.sunbeam.Driver.DriverManager.getDriver(DriverManager.java:14)
at com.app.sunbeam.Driver.DriverManager.getDriver(DriverManager.java:14)
at com.app.sunbeam.Driver.DriverManager.getDriver(DriverManager.java:14)
at com.app.sunbeam.Driver.DriverManager.getDriver(DriverManager.java:14)
at com.app.sunbeam.Driver.DriverManager.getDriver(DriverManager.java:14)
at com.app.sunbeam.Driver.DriverManager.getDriver(DriverManager.java:14)
at com.app.sunbeam.Driver.DriverManager.getDriver(DriverManager.java:14)
at com.app.sunbeam.Driver.DriverManager.getDriver(DriverManager.java:14)
at com.app.sunbeam.Driver.DriverManager.getDriver(DriverManager.java:14)
at com.app.sunbeam.Driver.DriverManager.getDriver(DriverManager.java:14)
at com.app.sunbeam.Driver.DriverManager.getDriver(DriverManager.java:14)
at com.app.sunbeam.Driver.DriverManager.getDriver(DriverManager.java:14)
at com.app.sunbeam.Driver.DriverManager.getDriver(DriverManager.java:14)
at com.app.sunbeam.Driver.DriverManager.getDriver(DriverManager.java:14)
at com.app.sunbeam.Driver.DriverManager.getDriver(DriverManager.java:14)
at com.app.sunbeam.Driver.DriverManager.getDriver(DriverManager.java:14)
at com.app.sunbeam.Driver.DriverManager.getDriver(DriverManager.java:14)
at com.app.sunbeam.Driver.DriverManager.getDriver(DriverManager.java:14)
at com.app.sunbeam.Driver.DriverManager.getDriver(DriverManager.java:14)
at com.app.sunbeam.Driver.DriverManager.getDriver(DriverManager.java:14)
at com.app.sunbeam.Driver.DriverManager.getDriver(DriverManager.java:14)
at com.app.sunbeam.Driver.DriverManager.getDriver(DriverManager.java:14)
at com.app.sunbeam.Driver.DriverManager.getDriver(DriverManager.java:14)
at com.app.sunbeam.Driver.DriverManager.getDriver(DriverManager.java:14)
at com.app.sunbeam.Driver.DriverManager.getDriver(DriverManager.java:14)
at com.app.sunbeam.Driver.DriverManager.getDriver(DriverManager.java:14)
at com.app.sunbeam.Driver.DriverManager.getDriver(DriverManager.java:14)
at com.app.sunbeam.Driver.DriverManager.getDriver(DriverManager.java:14)
at com.app.sunbeam.Driver.DriverManager.getDriver(DriverManager.java:14)
at com.app.sunbeam.Driver.DriverManager.getDriver(DriverManager.java:14)
at com.app.sunbeam.Driver.DriverManager.getDriver(DriverManager.java:14)
at com.app.sunbeam.Driver.DriverManager.getDriver(DriverManager.java:14)
at com.app.sunbeam.Driver.DriverManager.getDriver(DriverManager.java:14)
at com.app.sunbeam.Driver.DriverManager.getDriver(DriverManager.java:14)
at com.app.sunbeam.Driver.DriverManager.getDriver(DriverManager.java:14)
at com.app.sunbeam.Driver.DriverManager.getDriver(DriverManager.java:14)
at com.app.sunbeam.Driver.DriverManager.getDriver(DriverManager.java:14)
at com.app.sunbeam.Driver.DriverManager.getDriver(DriverManager.java:14)
at com.app.sunbeam.Driver.DriverManager.getDriver(DriverManager.java:14)
at com.app.sunbeam.Driver.DriverManager.getDriver(DriverManager.java:14)
at com.app.sunbeam.Driver.DriverManager.getDriver(DriverManager.java:14)
at com.app.sunbeam.Driver.DriverManager.getDriver(DriverManager.java:14)
at com.app.sunbeam.Driver.DriverManager.getDriver(DriverManager.java:14)
at com.app.sunbeam.Driver.DriverManager.getDriver(DriverManager.java:14)
at com.app.sunbeam.Driver.DriverManager.getDriver(DriverManager.java:14)
at com.app.sunbeam.Driver.DriverManager.getDriver(DriverManager.java:14)
at com.app.sunbeam.Driver.DriverManager.getDriver(DriverManager.java:14)
at com.app.sunbeam.Driver.DriverManager.getDriver(DriverManager.java:14)
at com.app.sunbeam.Driver.DriverManager.getDriver(DriverManager.java:14)
at com.app.sunbeam.Driver.DriverManager.getDriver(DriverManager.java:14)
at com.app.sunbeam.Driver.DriverManager.getDriver(DriverManager.java:14)
at com.app.sunbeam.Driver.DriverManager.getDriver(DriverManager.java:14)
at com.app.sunbeam.Driver.DriverManager.getDriver(DriverManager.java:14)
at com.app.sunbeam.Driver.DriverManager.getDriver(DriverManager.java:14)
at com.app.sunbeam.Driver.DriverManager.getDriver(DriverManager.java:14)
at com.app.sunbeam.Driver.DriverManager.getDriver(DriverManager.java:14)
at com.app.sunbeam.Driver.DriverManager.getDriver(DriverManager.java:14)
at com.app.sunbeam.Driver.DriverManager.getDriver(DriverManager.java:14)
at com.app.sunbeam.Driver.DriverManager.getDriver(DriverManager.java:14)
at com.app.sunbeam.Driver.DriverManager.getDriver(DriverManager.java:14)
at com.app.sunbeam.Driver.DriverManager.getDriver(DriverManager.java:14)
at com.app.sunbeam.Driver.DriverManager.getDriver(DriverManager.java:14)
at com.app.sunbeam.Driver.DriverManager.getDriver(DriverManager.java:14)
at com.app.sunbeam.Driver.DriverManager.getDriver(DriverManager.java:14)
at com.app.sunbeam.Driver.DriverManager.getDriver(DriverManager.java:14)
at com.app.sunbeam.Driver.DriverManager.getDriver(DriverManager.java:14)
at com.app.sunbeam.Driver.DriverManager.getDriver(DriverManager.java:14)
at com.app.sunbeam.Driver.DriverManager.getDriver(DriverManager.java:14)
at com.app.sunbeam.Driver.DriverManager.getDriver(DriverManager.java:14)
at com.app.sunbeam.Driver.DriverManager.getDriver(DriverManager.java:14)
at com.app.sunbeam.Driver.DriverManager.getDriver(DriverManager.java:14)
at com.app.sunbeam.Driver.DriverManager.getDriver(DriverManager.java:14)
at com.app.sunbeam.Driver.DriverManager.getDriver(DriverManager.java:14)
at com.app.sunbeam.Driver.DriverManager.getDriver(DriverManager.java:14)
at com.app.sunbeam.Driver.DriverManager.getDriver(DriverManager.java:14)
at com.app.sunbeam.Driver.DriverManager.getDriver(DriverManager.java:14)
at com.app.sunbeam.Driver.DriverManager.getDriver(DriverManager.java:14)
at com.app.sunbeam.Driver.DriverManager.getDriver(DriverManager.java:14)
at com.app.sunbeam.Driver.DriverManager.getDriver(DriverManager.java:14)
at com.app.sunbeam.Driver.DriverManager.getDriver(DriverManager.java:14)
at com.app.sunbeam.Driver.DriverManager.getDriver(DriverManager.java:14)
at com.app.sunbeam.Driver.DriverManager.getDriver(DriverManager.java:14)
at com.app.sunbeam.Driver.DriverManager.getDriver(DriverManager.java:14)
at com.app.sunbeam.Driver.DriverManager.getDriver(DriverManager.java:14)
at com.app.sunbeam.Driver.DriverManager.getDriver(DriverManager.java:14)
at com.app.sunbeam.Driver.DriverManager.getDriver(DriverManager.java:14)
at com.app.sunbeam.Driver.DriverManager.getDriver(DriverManager.java:14)
at com.app.sunbeam.Driver.DriverManager.getDriver(DriverManager.java:14)
at com.app.sunbeam.Driver.DriverManager.getDriver(DriverManager.java:14)
at com.app.sunbeam.Driver.DriverManager.getDriver(DriverManager.java:14)
at com.app.sunbeam.Driver.DriverManager.getDriver(DriverManager.java:14)
at com.app.sunbeam.Driver.DriverManager.getDriver(DriverManager.java:14)
at com.app.sunbeam.Driver.DriverManager.getDriver(DriverManager.java:14)
at com.app.sunbeam.Driver.DriverManager.getDriver(DriverManager.java:14)
at com.app.sunbeam.Driver.DriverManager.getDriver(DriverManager.java:14)
at com.app.sunbeam.Driver.DriverManager.getDriver(DriverManager.java:14)
at com.app.sunbeam.Driver.DriverManager.getDriver(DriverManager.java:14)
at com.app.sunbeam.Driver.DriverManager.getDriver(DriverManager.java:14)
at com.app.sunbeam.Driver.DriverManager.getDriver(DriverManager.java:14)
at com.app.sunbeam.Driver.DriverManager.getDriver(DriverManager.java:14)
at com.app.sunbeam.Driver.DriverManager.getDriver(DriverManager.java:14)
at com.app.sunbeam.Driver.DriverManager.getDriver(DriverManager.java:14)
at com.app.sunbeam.Driver.DriverManager.getDriver(DriverManager.java:14)
at com.app.sunbeam.Driver.DriverManager.getDriver(DriverManager.java:14)
at com.app.sunbeam.Driver.DriverManager.getDriver(DriverManager.java:14)
at com.app.sunbeam.Driver.DriverManager.getDriver(DriverManager.java:14)
at com.app.sunbeam.Driver.DriverManager.getDriver(DriverManager.java:14)
at com.app.sunbeam.Driver.DriverManager.getDriver(DriverManager.java:14)
at com.app.sunbeam.Driver.DriverManager.getDriver(DriverManager.java:14)
at com.app.sunbeam.Driver.DriverManager.getDriver(DriverManager.java:14)
at com.app.sunbeam.Driver.DriverManager.getDriver(DriverManager.java:14)
at com.app.sunbeam.Driver.DriverManager.getDriver(DriverManager.java:14)
at com.app.sunbeam.Driver.DriverManager.getDriver(DriverManager.java:14)
at com.app.sunbeam.Driver.DriverManager.getDriver(DriverManager.java:14)
at com.app.sunbeam.Driver.DriverManager.getDriver(DriverManager.java:14)
at com.app.sunbeam.Driver.DriverManager.getDriver(DriverManager.java:14)
at com.app.sunbeam.Driver.DriverManager.getDriver(DriverManager.java:14)
at com.app.sunbeam.Driver.DriverManager.getDriver(DriverManager.java:14)
at com.app.sunbeam.Driver.DriverManager.getDriver(DriverManager.java:14)
at com.app.sunbeam.Driver.DriverManager.getDriver(DriverManager.java:14)
at com.app.sunbeam.Driver.DriverManager.getDriver(DriverManager.java:14)
at com.app.sunbeam.Driver.DriverManager.getDriver(DriverManager.java:14)
at com.app.sunbeam.Driver.DriverManager.getDriver(DriverManager.java:14)
at com.app.sunbeam.Driver.DriverManager.getDriver(DriverManager.java:14)
at com.app.sunbeam.Driver.DriverManager.getDriver(DriverManager.java:14)
at com.app.sunbeam.Driver.DriverManager.getDriver(DriverManager.java:14)
at com.app.sunbeam.Driver.DriverManager.getDriver(DriverManager.java:14)
at com.app.sunbeam.Driver.DriverManager.getDriver(DriverManager.java:14)
at com.app.sunbeam.Driver.DriverManager.getDriver(DriverManager.java:14)
at com.app.sunbeam.Driver.DriverManager.getDriver(DriverManager.java:14)
at com.app.sunbeam.Driver.DriverManager.getDriver(DriverManager.java:14)
at com.app.sunbeam.Driver.DriverManager.getDriver(DriverManager.java:14)
at com.app.sunbeam.Driver.DriverManager.getDriver(DriverManager.java:14)
at com.app.sunbeam.Driver.DriverManager.getDriver(DriverManager.java:14)
at com.app.sunbeam.Driver.DriverManager.getDriver(DriverManager.java:14)
at com.app.sunbeam.Driver.DriverManager.getDriver(DriverManager.java:14)
at com.app.sunbeam.Driver.DriverManager.getDriver(DriverManager.java:14)
at com.app.sunbeam.Driver.DriverManager.getDriver(DriverManager.java:14)
at com.app.sunbeam.Driver.DriverManager.getDriver(DriverManager.java:14)
at com.app.sunbeam.Driver.DriverManager.getDriver(DriverManager.java:14)
at com.app.sunbeam.Driver.DriverManager.getDriver(DriverManager.java:14)
at com.app.sunbeam.Driver.DriverManager.getDriver(DriverManager.java:14)
at com.app.sunbeam.Driver.DriverManager.getDriver(DriverManager.java:14)
at com.app.sunbeam.Driver.DriverManager.getDriver(DriverManager.java:14)
at com.app.sunbeam.Driver.DriverManager.getDriver(DriverManager.java:14)
at com.app.sunbeam.Driver.DriverManager.getDriver(DriverManager.java:14)
at com.app.sunbeam.Driver.DriverManager.getDriver(DriverManager.java:14)
at com.app.sunbeam.Driver.DriverManager.getDriver(DriverManager.java:14)
at com.app.sunbeam.Driver.DriverManager.getDriver(DriverManager.java:14)
at com.app.sunbeam.Driver.DriverManager.getDriver(DriverManager.java:14)
at com.app.sunbeam.Driver.DriverManager.getDriver(DriverManager.java:14)
at com.app.sunbeam.Driver.DriverManager.getDriver(DriverManager.java:14)
at com.app.sunbeam.Driver.DriverManager.getDriver(DriverManager.java:14)
at com.app.sunbeam.Driver.DriverManager.getDriver(DriverManager.java:14)
at com.app.sunbeam.Driver.DriverManager.getDriver(DriverManager.java:14)
at com.app.sunbeam.Driver.DriverManager.getDriver(DriverManager.java:14)
at com.app.sunbeam.Driver.DriverManager.getDriver(DriverManager.java:14)
at com.app.sunbeam.Driver.DriverManager.getDriver(DriverManager.java:14)
at com.app.sunbeam.Driver.DriverManager.getDriver(DriverManager.java:14)
at com.app.sunbeam.Driver.DriverManager.getDriver(DriverManager.java:14)
at com.app.sunbeam.Driver.DriverManager.getDriver(DriverManager.java:14)
at com.app.sunbeam.Driver.DriverManager.getDriver(DriverManager.java:14)
at com.app.sunbeam.Driver.DriverManager.getDriver(DriverManager.java:14)
at com.app.sunbeam.Driver.DriverManager.getDriver(DriverManager.java:14)
at com.app.sunbeam.Driver.DriverManager.getDriver(DriverManager.java:14)
at com.app.sunbeam.Driver.DriverManager.getDriver(DriverManager.java:14)
at com.app.sunbeam.Driver.DriverManager.getDriver(DriverManager.java:14)
at com.app.sunbeam.Driver.DriverManager.getDriver(DriverManager.java:14)
at com.app.sunbeam.Driver.DriverManager.getDriver(DriverManager.java:14)
at com.app.sunbeam.Driver.DriverManager.getDriver(DriverManager.java:14)
at com.app.sunbeam.Driver.DriverManager.getDriver(DriverManager.java:14)
at com.app.sunbeam.Driver.DriverManager.getDriver(DriverManager.java:14)
at com.app.sunbeam.Driver.DriverManager.getDriver(DriverManager.java:14)
at com.app.sunbeam.Driver.DriverManager.getDriver(DriverManager.java:14)
at com.app.sunbeam.Driver.DriverManager.getDriver(DriverManager.java:14)
at com.app.sunbeam.Driver.DriverManager.getDriver(DriverManager.java:14)
at com.app.sunbeam.Driver.DriverManager.getDriver(DriverManager.java:14)
at com.app.sunbeam.Driver.DriverManager.getDriver(DriverManager.java:14)
at com.app.sunbeam.Driver.DriverManager.getDriver(DriverManager.java:14)
at com.app.sunbeam.Driver.DriverManager.getDriver(DriverManager.java:14)
at com.app.sunbeam.Driver.DriverManager.getDriver(DriverManager.java:14)
at com.app.sunbeam.Driver.DriverManager.getDriver(DriverManager.java:14)
at com.app.sunbeam.Driver.DriverManager.getDriver(DriverManager.java:14)
at com.app.sunbeam.Driver.DriverManager.getDriver(DriverManager.java:14)
at com.app.sunbeam.Driver.DriverManager.getDriver(DriverManager.java:14)
at com.app.sunbeam.Driver.DriverManager.getDriver(DriverManager.java:14)
at com.app.sunbeam.Driver.DriverManager.getDriver(DriverManager.java:14)
at com.app.sunbeam.Driver.DriverManager.getDriver(DriverManager.java:14)
at com.app.sunbeam.Driver.DriverManager.getDriver(DriverManager.java:14)
at com.app.sunbeam.Driver.DriverManager.getDriver(DriverManager.java:14)
at com.app.sunbeam.Driver.DriverManager.getDriver(DriverManager.java:14)
at com.app.sunbeam.Driver.DriverManager.getDriver(DriverManager.java:14)
at com.app.sunbeam.Driver.DriverManager.getDriver(DriverManager.java:14)
at com.app.sunbeam.Driver.DriverManager.getDriver(DriverManager.java:14)
at com.app.sunbeam.Driver.DriverManager.getDriver(DriverManager.java:14)
at com.app.sunbeam.Driver.DriverManager.getDriver(DriverManager.java:14)
at com.app.sunbeam.Driver.DriverManager.getDriver(DriverManager.java:14)
at com.app.sunbeam.Driver.DriverManager.getDriver(DriverManager.java:14)
at com.app.sunbeam.Driver.DriverManager.getDriver(DriverManager.java:14)
at com.app.sunbeam.Driver.DriverManager.getDriver(DriverManager.java:14)
at com.app.sunbeam.Driver.DriverManager.getDriver(DriverManager.java:14)
at com.app.sunbeam.Driver.DriverManager.getDriver(DriverManager.java:14)
at com.app.sunbeam.Driver.DriverManager.getDriver(DriverManager.java:14)
at com.app.sunbeam.Driver.DriverManager.getDriver(DriverManager.java:14)
at com.app.sunbeam.Driver.DriverManager.getDriver(DriverManager.java:14)
at com.app.sunbeam.Driver.DriverManager.getDriver(DriverManager.java:14)
at com.app.sunbeam.Driver.DriverManager.getDriver(DriverManager.java:14)
at com.app.sunbeam.Driver.DriverManager.getDriver(DriverManager.java:14)
at com.app.sunbeam.Driver.DriverManager.getDriver(DriverManager.java:14)
at com.app.sunbeam.Driver.DriverManager.getDriver(DriverManager.java:14)
at com.app.sunbeam.Driver.DriverManager.getDriver(DriverManager.java:14)
at com.app.sunbeam.Driver.DriverManager.getDriver(DriverManager.java:14)
at com.app.sunbeam.Driver.DriverManager.getDriver(DriverManager.java:14)
at com.app.sunbeam.Driver.DriverManager.getDriver(DriverManager.java:14)
at com.app.sunbeam.Driver.DriverManager.getDriver(DriverManager.java:14)
at com.app.sunbeam.Driver.DriverManager.getDriver(DriverManager.java:14)
at com.app.sunbeam.Driver.DriverManager.getDriver(DriverManager.java:14)
at com.app.sunbeam.Driver.DriverManager.getDriver(DriverManager.java:14)
at com.app.sunbeam.Driver.DriverManager.getDriver(DriverManager.java:14)
at com.app.sunbeam.Driver.DriverManager.getDriver(DriverManager.java:14)
at com.app.sunbeam.Driver.DriverManager.getDriver(DriverManager.java:14)
at com.app.sunbeam.Driver.DriverManager.getDriver(DriverManager.java:14)
at com.app.sunbeam.Driver.DriverManager.getDriver(DriverManager.java:14)
at com.app.sunbeam.Driver.DriverManager.getDriver(DriverManager.java:14)
at com.app.sunbeam.Driver.DriverManager.getDriver(DriverManager.java:14)
at com.app.sunbeam.Driver.DriverManager.getDriver(DriverManager.java:14)
at com.app.sunbeam.Driver.DriverManager.getDriver(DriverManager.java:14)
at com.app.sunbeam.Driver.DriverManager.getDriver(DriverManager.java:14)
at com.app.sunbeam.Driver.DriverManager.getDriver(DriverManager.java:14)
at com.app.sunbeam.Driver.DriverManager.getDriver(DriverManager.java:14)
at com.app.sunbeam.Driver.DriverManager.getDriver(DriverManager.java:14)
at com.app.sunbeam.Driver.DriverManager.getDriver(DriverManager.java:14)
at com.app.sunbeam.Driver.DriverManager.getDriver(DriverManager.java:14)
at com.app.sunbeam.Driver.DriverManager.getDriver(DriverManager.java:14)
at com.app.sunbeam.Driver.DriverManager.getDriver(DriverManager.java:14)
at com.app.sunbeam.Driver.DriverManager.getDriver(DriverManager.java:14)
at com.app.sunbeam.Driver.DriverManager.getDriver(DriverManager.java:14)
at com.app.sunbeam.Driver.DriverManager.getDriver(DriverManager.java:14)
at com.app.sunbeam.Driver.DriverManager.getDriver(DriverManager.java:14)
at com.app.sunbeam.Driver.DriverManager.getDriver(DriverManager.java:14)
at com.app.sunbeam.Driver.DriverManager.getDriver(DriverManager.java:14)
at com.app.sunbeam.Driver.DriverManager.getDriver(DriverManager.java:14)
at com.app.sunbeam.Driver.DriverManager.getDriver(DriverManager.java:14)
at com.app.sunbeam.Driver.DriverManager.getDriver(DriverManager.java:14)
at com.app.sunbeam.Driver.DriverManager.getDriver(DriverManager.java:14)
at com.app.sunbeam.Driver.DriverManager.getDriver(DriverManager.java:14)
at com.app.sunbeam.Driver.DriverManager.getDriver(DriverManager.java:14)
at com.app.sunbeam.Driver.DriverManager.getDriver(DriverManager.java:14)
at com.app.sunbeam.Driver.DriverManager.getDriver(DriverManager.java:14)
at com.app.sunbeam.Driver.DriverManager.getDriver(DriverManager.java:14)
at com.app.sunbeam.Driver.DriverManager.getDriver(DriverManager.java:14)
at com.app.sunbeam.Driver.DriverManager.getDriver(DriverManager.java:14)
at com.app.sunbeam.Driver.DriverManager.getDriver(DriverManager.java:14)
at com.app.sunbeam.Driver.DriverManager.getDriver(DriverManager.java:14)
at com.app.sunbeam.Driver.DriverManager.getDriver(DriverManager.java:14)
at com.app.sunbeam.Driver.DriverManager.getDriver(DriverManager.java:14)
at com.app.sunbeam.Driver.DriverManager.getDriver(DriverManager.java:14)
at com.app.sunbeam.Driver.DriverManager.getDriver(DriverManager.java:14)
at com.app.sunbeam.Driver.DriverManager.getDriver(DriverManager.java:14)
at com.app.sunbeam.Driver.DriverManager.getDriver(DriverManager.java:14)
at com.app.sunbeam.Driver.DriverManager.getDriver(DriverManager.java:14)
at com.app.sunbeam.Driver.DriverManager.getDriver(DriverManager.java:14)
at com.app.sunbeam.Driver.DriverManager.getDriver(DriverManager.java:14)
at com.app.sunbeam.Driver.DriverManager.getDriver(DriverManager.java:14)
at com.app.sunbeam.Driver.DriverManager.getDriver(DriverManager.java:14)
at com.app.sunbeam.Driver.DriverManager.getDriver(DriverManager.java:14)
at com.app.sunbeam.Driver.DriverManager.getDriver(DriverManager.java:14)
at com.app.sunbeam.Driver.DriverManager.getDriver(DriverManager.java:14)
at com.app.sunbeam.Driver.DriverManager.getDriver(DriverManager.java:14)
at com.app.sunbeam.Driver.DriverManager.getDriver(DriverManager.java:14)
at com.app.sunbeam.Driver.DriverManager.getDriver(DriverManager.java:14)
at com.app.sunbeam.Driver.DriverManager.getDriver(DriverManager.java:14)
at com.app.sunbeam.Driver.DriverManager.getDriver(DriverManager.java:14)
at com.app.sunbeam.Driver.DriverManager.getDriver(DriverManager.java:14)
at com.app.sunbeam.Driver.DriverManager.getDriver(DriverManager.java:14)
at com.app.sunbeam.Driver.DriverManager.getDriver(DriverManager.java:14)
at com.app.sunbeam.Driver.DriverManager.getDriver(DriverManager.java:14)
at com.app.sunbeam.Driver.DriverManager.getDriver(DriverManager.java:14)
at com.app.sunbeam.Driver.DriverManager.getDriver(DriverManager.java:14)
at com.app.sunbeam.Driver.DriverManager.getDriver(DriverManager.java:14)
at com.app.sunbeam.Driver.DriverManager.getDriver(DriverManager.java:14)
at com.app.sunbeam.Driver.DriverManager.getDriver(DriverManager.java:14)
at com.app.sunbeam.Driver.DriverManager.getDriver(DriverManager.java:14)
at com.app.sunbeam.Driver.DriverManager.getDriver(DriverManager.java:14)
at com.app.sunbeam.Driver.DriverManager.getDriver(DriverManager.java:14)
at com.app.sunbeam.Driver.DriverManager.getDriver(DriverManager.java:14)
at com.app.sunbeam.Driver.DriverManager.getDriver(DriverManager.java:14)
at com.app.sunbeam.Driver.DriverManager.getDriver(DriverManager.java:14)
at com.app.sunbeam.Driver.DriverManager.getDriver(DriverManager.java:14)
at com.app.sunbeam.Driver.DriverManager.getDriver(DriverManager.java:14)
at com.app.sunbeam.Driver.DriverManager.getDriver(DriverManager.java:14)
at com.app.sunbeam.Driver.DriverManager.getDriver(DriverManager.java:14)
at com.app.sunbeam.Driver.DriverManager.getDriver(DriverManager.java:14)
at com.app.sunbeam.Driver.DriverManager.getDriver(DriverManager.java:14)
at com.app.sunbeam.Driver.DriverManager.getDriver(DriverManager.java:14)
at com.app.sunbeam.Driver.DriverManager.getDriver(DriverManager.java:14)
at com.app.sunbeam.Driver.DriverManager.getDriver(DriverManager.java:14)
at com.app.sunbeam.Driver.DriverManager.getDriver(DriverManager.java:14)
at com.app.sunbeam.Driver.DriverManager.getDriver(DriverManager.java:14)
at com.app.sunbeam.Driver.DriverManager.getDriver(DriverManager.java:14)
at com.app.sunbeam.Driver.DriverManager.getDriver(DriverManager.java:14)
at com.app.sunbeam.Driver.DriverManager.getDriver(DriverManager.java:14)
at com.app.sunbeam.Driver.DriverManager.getDriver(DriverManager.java:14)
at com.app.sunbeam.Driver.DriverManager.getDriver(DriverManager.java:14)
at com.app.sunbeam.Driver.DriverManager.getDriver(DriverManager.java:14)
at com.app.sunbeam.Driver.DriverManager.getDriver(DriverManager.java:14)
at com.app.sunbeam.Driver.DriverManager.getDriver(DriverManager.java:14)
at com.app.sunbeam.Driver.DriverManager.getDriver(DriverManager.java:14)
at com.app.sunbeam.Driver.DriverManager.getDriver(DriverManager.java:14)
at com.app.sunbeam.Driver.DriverManager.getDriver(DriverManager.java:14)
at com.app.sunbeam.Driver.DriverManager.getDriver(DriverManager.java:14)
at com.app.sunbeam.Driver.DriverManager.getDriver(DriverManager.java:14)
at com.app.sunbeam.Driver.DriverManager.getDriver(DriverManager.java:14)
at com.app.sunbeam.Driver.DriverManager.getDriver(DriverManager.java:14)
at com.app.sunbeam.Driver.DriverManager.getDriver(DriverManager.java:14)
at com.app.sunbeam.Driver.DriverManager.getDriver(DriverManager.java:14)
at com.app.sunbeam.Driver.DriverManager.getDriver(DriverManager.java:14)
at com.app.sunbeam.Driver.DriverManager.getDriver(DriverManager.java:14)
at com.app.sunbeam.Driver.DriverManager.getDriver(DriverManager.java:14)
at com.app.sunbeam.Driver.DriverManager.getDriver(DriverManager.java:14)
at com.app.sunbeam.Driver.DriverManager.getDriver(DriverManager.java:14)
at com.app.sunbeam.Driver.DriverManager.getDriver(DriverManager.java:14)
at com.app.sunbeam.Driver.DriverManager.getDriver(DriverManager.java:14)
at com.app.sunbeam.Driver.DriverManager.getDriver(DriverManager.java:14)
at com.app.sunbeam.Driver.DriverManager.getDriver(DriverManager.java:14)
at com.app.sunbeam.Driver.DriverManager.getDriver(DriverManager.java:14)
at com.app.sunbeam.Driver.DriverManager.getDriver(DriverManager.java:14)
at com.app.sunbeam.Driver.DriverManager.getDriver(DriverManager.java:14)
at com.app.sunbeam.Driver.DriverManager.getDriver(DriverManager.java:14)
at com.app.sunbeam.Driver.DriverManager.getDriver(DriverManager.java:14)
at com.app.sunbeam.Driver.DriverManager.getDriver(DriverManager.java:14)
at com.app.sunbeam.Driver.DriverManager.getDriver(DriverManager.java:14)
at com.app.sunbeam.Driver.DriverManager.getDriver(DriverManager.java:14)
at com.app.sunbeam.Driver.DriverManager.getDriver(DriverManager.java:14)
at com.app.sunbeam.Driver.DriverManager.getDriver(DriverManager.java:14)
at com.app.sunbeam.Driver.DriverManager.getDriver(DriverManager.java:14)
at com.app.sunbeam.Driver.DriverManager.getDriver(DriverManager.java:14)
at com.app.sunbeam.Driver.DriverManager.getDriver(DriverManager.java:14)
at com.app.sunbeam.Driver.DriverManager.getDriver(DriverManager.java:14)
at com.app.sunbeam.Driver.DriverManager.getDriver(DriverManager.java:14)
at com.app.sunbeam.Driver.DriverManager.getDriver(DriverManager.java:14)
at com.app.sunbeam.Driver.DriverManager.getDriver(DriverManager.java:14)
at com.app.sunbeam.Driver.DriverManager.getDriver(DriverManager.java:14)
at com.app.sunbeam.Driver.DriverManager.getDriver(DriverManager.java:14)
at com.app.sunbeam.Driver.DriverManager.getDriver(DriverManager.java:14)
at com.app.sunbeam.Driver.DriverManager.getDriver(DriverManager.java:14)
at com.app.sunbeam.Driver.DriverManager.getDriver(DriverManager.java:14)
at com.app.sunbeam.Driver.DriverManager.getDriver(DriverManager.java:14)
at com.app.sunbeam.Driver.DriverManager.getDriver(DriverManager.java:14)
at com.app.sunbeam.Driver.DriverManager.getDriver(DriverManager.java:14)
at com.app.sunbeam.Driver.DriverManager.getDriver(DriverManager.java:14)
at com.app.sunbeam.Driver.DriverManager.getDriver(DriverManager.java:14)
at com.app.sunbeam.Driver.DriverManager.getDriver(DriverManager.java:14)
at com.app.sunbeam.Driver.DriverManager.getDriver(DriverManager.java:14)
at com.app.sunbeam.Driver.DriverManager.getDriver(DriverManager.java:14)
at com.app.sunbeam.Driver.DriverManager.getDriver(DriverManager.java:14)
at com.app.sunbeam.Driver.DriverManager.getDriver(DriverManager.java:14)
at com.app.sunbeam.Driver.DriverManager.getDriver(DriverManager.java:14)
at com.app.sunbeam.Driver.DriverManager.getDriver(DriverManager.java:14)
at com.app.sunbeam.Driver.DriverManager.getDriver(DriverManager.java:14)
at com.app.sunbeam.Driver.DriverManager.getDriver(DriverManager.java:14)
at com.app.sunbeam.Driver.DriverManager.getDriver(DriverManager.java:14)
at com.app.sunbeam.Driver.DriverManager.getDriver(DriverManager.java:14)
at com.app.sunbeam.Driver.DriverManager.getDriver(DriverManager.java:14)
at com.app.sunbeam.Driver.DriverManager.getDriver(DriverManager.java:14)
at com.app.sunbeam.Driver.DriverManager.getDriver(DriverManager.java:14)
at com.app.sunbeam.Driver.DriverManager.getDriver(DriverManager.java:14)
at com.app.sunbeam.Driver.DriverManager.getDriver(DriverManager.java:14)
at com.app.sunbeam.Driver.DriverManager.getDriver(DriverManager.java:14)
at com.app.sunbeam.Driver.DriverManager.getDriver(DriverManager.java:14)
at com.app.sunbeam.Driver.DriverManager.getDriver(DriverManager.java:14)
at com.app.sunbeam.Driver.DriverManager.getDriver(DriverManager.java:14)
at com.app.sunbeam.Driver.DriverManager.getDriver(DriverManager.java:14)
at com.app.sunbeam.Driver.DriverManager.getDriver(DriverManager.java:14)
at com.app.sunbeam.Driver.DriverManager.getDriver(DriverManager.java:14)
at com.app.sunbeam.Driver.DriverManager.getDriver(DriverManager.java:14)
at com.app.sunbeam.Driver.DriverManager.getDriver(DriverManager.java:14)
at com.app.sunbeam.Driver.DriverManager.getDriver(DriverManager.java:14)
at com.app.sunbeam.Driver.DriverManager.getDriver(DriverManager.java:14)
at com.app.sunbeam.Driver.DriverManager.getDriver(DriverManager.java:14)
at com.app.sunbeam.Driver.DriverManager.getDriver(DriverManager.java:14)
at com.app.sunbeam.Driver.DriverManager.getDriver(DriverManager.java:14)
at com.app.sunbeam.Driver.DriverManager.getDriver(DriverManager.java:14)
at com.app.sunbeam.Driver.DriverManager.getDriver(DriverManager.java:14)
at com.app.sunbeam.Driver.DriverManager.getDriver(DriverManager.java:14)
at com.app.sunbeam.Driver.DriverManager.getDriver(DriverManager.java:14)
at com.app.sunbeam.Driver.DriverManager.getDriver(DriverManager.java:14)
at com.app.sunbeam.Driver.DriverManager.getDriver(DriverManager.java:14)
at com.app.sunbeam.Driver.DriverManager.getDriver(DriverManager.java:14)
at com.app.sunbeam.Driver.DriverManager.getDriver(DriverManager.java:14)
at com.app.sunbeam.Driver.DriverManager.getDriver(DriverManager.java:14)
at com.app.sunbeam.Driver.DriverManager.getDriver(DriverManager.java:14)
at com.app.sunbeam.Driver.DriverManager.getDriver(DriverManager.java:14)
at com.app.sunbeam.Driver.DriverManager.getDriver(DriverManager.java:14)
at com.app.sunbeam.Driver.DriverManager.getDriver(DriverManager.java:14)
at com.app.sunbeam.Driver.DriverManager.getDriver(DriverManager.java:14)
at com.app.sunbeam.Driver.DriverManager.getDriver(DriverManager.java:14)
at com.app.sunbeam.Driver.DriverManager.getDriver(DriverManager.java:14)
at com.app.sunbeam.Driver.DriverManager.getDriver(DriverManager.java:14)
at com.app.sunbeam.Driver.DriverManager.getDriver(DriverManager.java:14)
at com.app.sunbeam.Driver.DriverManager.getDriver(DriverManager.java:14)
at com.app.sunbeam.Driver.DriverManager.getDriver(DriverManager.java:14)
at com.app.sunbeam.Driver.DriverManager.getDriver(DriverManager.java:14)
at com.app.sunbeam.Driver.DriverManager.getDriver(DriverManager.java:14)
at com.app.sunbeam.Driver.DriverManager.getDriver(DriverManager.java:14)
at com.app.sunbeam.Driver.DriverManager.getDriver(DriverManager.java:14)
at com.app.sunbeam.Driver.DriverManager.getDriver(DriverManager.java:14)
at com.app.sunbeam.Driver.DriverManager.getDriver(DriverManager.java:14)
at com.app.sunbeam.Driver.DriverManager.getDriver(DriverManager.java:14)
at com.app.sunbeam.Driver.DriverManager.getDriver(DriverManager.java:14)
at com.app.sunbeam.Driver.DriverManager.getDriver(DriverManager.java:14)
at com.app.sunbeam.Driver.DriverManager.getDriver(DriverManager.java:14)
at com.app.sunbeam.Driver.DriverManager.getDriver(DriverManager.java:14)
at com.app.sunbeam.Driver.DriverManager.getDriver(DriverManager.java:14)
at com.app.sunbeam.Driver.DriverManager.getDriver(DriverManager.java:14)
at com.app.sunbeam.Driver.DriverManager.getDriver(DriverManager.java:14)
at com.app.sunbeam.Driver.DriverManager.getDriver(DriverManager.java:14)
at com.app.sunbeam.Driver.DriverManager.getDriver(DriverManager.java:14)
at com.app.sunbeam.Driver.DriverManager.getDriver(DriverManager.java:14)
at com.app.sunbeam.Driver.DriverManager.getDriver(DriverManager.java:14)
at com.app.sunbeam.Driver.DriverManager.getDriver(DriverManager.java:14)
at com.app.sunbeam.Driver.DriverManager.getDriver(DriverManager.java:14)
at com.app.sunbeam.Driver.DriverManager.getDriver(DriverManager.java:14)
at com.app.sunbeam.Driver.DriverManager.getDriver(DriverManager.java:14)
at com.app.sunbeam.Driver.DriverManager.getDriver(DriverManager.java:14)
at com.app.sunbeam.Driver.DriverManager.getDriver(DriverManager.java:14)
at com.app.sunbeam.Driver.DriverManager.getDriver(DriverManager.java:14)
at com.app.sunbeam.Driver.DriverManager.getDriver(DriverManager.java:14)
at com.app.sunbeam.Driver.DriverManager.getDriver(DriverManager.java:14)
at com.app.sunbeam.Driver.DriverManager.getDriver(DriverManager.java:14)
at com.app.sunbeam.Driver.DriverManager.getDriver(DriverManager.java:14)
at com.app.sunbeam.Driver.DriverManager.getDriver(DriverManager.java:14)
at com.app.sunbeam.Driver.DriverManager.getDriver(DriverManager.java:14)
at com.app.sunbeam.Driver.DriverManager.getDriver(DriverManager.java:14)
at com.app.sunbeam.Driver.DriverManager.getDriver(DriverManager.java:14)
at com.app.sunbeam.Driver.DriverManager.getDriver(DriverManager.java:14)
at com.app.sunbeam.Driver.DriverManager.getDriver(DriverManager.java:14)
at com.app.sunbeam.Driver.DriverManager.getDriver(DriverManager.java:14)
at com.app.sunbeam.Driver.DriverManager.getDriver(DriverManager.java:14)
at com.app.sunbeam.Driver.DriverManager.getDriver(DriverManager.java:14)
at com.app.sunbeam.Driver.DriverManager.getDriver(DriverManager.java:14)
at com.app.sunbeam.Driver.DriverManager.getDriver(DriverManager.java:14)
at com.app.sunbeam.Driver.DriverManager.getDriver(DriverManager.java:14)
at com.app.sunbeam.Driver.DriverManager.getDriver(DriverManager.java:14)
at com.app.sunbeam.Driver.DriverManager.getDriver(DriverManager.java:14)
at com.app.sunbeam.Driver.DriverManager.getDriver(DriverManager.java:14)
at com.app.sunbeam.Driver.DriverManager.getDriver(DriverManager.java:14)
at com.app.sunbeam.Driver.DriverManager.getDriver(DriverManager.java:14)
at com.app.sunbeam.Driver.DriverManager.getDriver(DriverManager.java:14)
at com.app.sunbeam.Driver.DriverManager.getDriver(DriverManager.java:14)
at com.app.sunbeam.Driver.DriverManager.getDriver(DriverManager.java:14)
at com.app.sunbeam.Driver.DriverManager.getDriver(DriverManager.java:14)
at com.app.sunbeam.Driver.DriverManager.getDriver(DriverManager.java:14)
at com.app.sunbeam.Driver.DriverManager.getDriver(DriverManager.java:14)
at com.app.sunbeam.Driver.DriverManager.getDriver(DriverManager.java:14)
at com.app.sunbeam.Driver.DriverManager.getDriver(DriverManager.java:14)
at com.app.sunbeam.Driver.DriverManager.getDriver(DriverManager.java:14)
at com.app.sunbeam.Driver.DriverManager.getDriver(DriverManager.java:14)
at com.app.sunbeam.Driver.DriverManager.getDriver(DriverManager.java:14)
at com.app.sunbeam.Driver.DriverManager.getDriver(DriverManager.java:14)
at com.app.sunbeam.Driver.DriverManager.getDriver(DriverManager.java:14)
at com.app.sunbeam.Driver.DriverManager.getDriver(DriverManager.java:14)
at com.app.sunbeam.Driver.DriverManager.getDriver(DriverManager.java:14)
at com.app.sunbeam.Driver.DriverManager.getDriver(DriverManager.java:14)
at com.app.sunbeam.Driver.DriverManager.getDriver(DriverManager.java:14)
at com.app.sunbeam.Driver.DriverManager.getDriver(DriverManager.java:14)
at com.app.sunbeam.Driver.DriverManager.getDriver(DriverManager.java:14)
at com.app.sunbeam.Driver.DriverManager.getDriver(DriverManager.java:14)
at com.app.sunbeam.Driver.DriverManager.getDriver(DriverManager.java:14)
at com.app.sunbeam.Driver.DriverManager.getDriver(DriverManager.java:14)
at com.app.sunbeam.Driver.DriverManager.getDriver(DriverManager.java:14)
at com.app.sunbeam.Driver.DriverManager.getDriver(DriverManager.java:14)
at com.app.sunbeam.Driver.DriverManager.getDriver(DriverManager.java:14)
at com.app.sunbeam.Driver.DriverManager.getDriver(DriverManager.java:14)
at com.app.sunbeam.Driver.DriverManager.getDriver(DriverManager.java:14)
at com.app.sunbeam.Driver.DriverManager.getDriver(DriverManager.java:14)
at com.app.sunbeam.Driver.DriverManager.getDriver(DriverManager.java:14)
at com.app.sunbeam.Driver.DriverManager.getDriver(DriverManager.java:14)
at com.app.sunbeam.Driver.DriverManager.getDriver(DriverManager.java:14)
at com.app.sunbeam.Driver.DriverManager.getDriver(DriverManager.java:14)
at com.app.sunbeam.Driver.DriverManager.getDriver(DriverManager.java:14)
at com.app.sunbeam.Driver.DriverManager.getDriver(DriverManager.java:14)
at com.app.sunbeam.Driver.DriverManager.getDriver(DriverManager.java:14)
at com.app.sunbeam.Driver.DriverManager.getDriver(DriverManager.java:14)
at com.app.sunbeam.Driver.DriverManager.getDriver(DriverManager.java:14)
at com.app.sunbeam.Driver.DriverManager.getDriver(DriverManager.java:14)
at com.app.sunbeam.Driver.DriverManager.getDriver(DriverManager.java:14)
at com.app.sunbeam.Driver.DriverManager.getDriver(DriverManager.java:14)
at com.app.sunbeam.Driver.DriverManager.getDriver(DriverManager.java:14)
at com.app.sunbeam.Driver.DriverManager.getDriver(DriverManager.java:14)
at com.app.sunbeam.Driver.DriverManager.getDriver(DriverManager.java:14)
at com.app.sunbeam.Driver.DriverManager.getDriver(DriverManager.java:14)
at com.app.sunbeam.Driver.DriverManager.getDriver(DriverManager.java:14)
at com.app.sunbeam.Driver.DriverManager.getDriver(DriverManager.java:14)
at com.app.sunbeam.Driver.DriverManager.getDriver(DriverManager.java:14)
at com.app.sunbeam.Driver.DriverManager.getDriver(DriverManager.java:14)
at com.app.sunbeam.Driver.DriverManager.getDriver(DriverManager.java:14)
at com.app.sunbeam.Driver.DriverManager.getDriver(DriverManager.java:14)
]]>
    </failure>
  </testcase> <!-- @BeforeSuite setUp -->
  <testcase classname="com.app.sunbeam.tests.BaseTest" name="@BeforeSuite setUp" time="0.0">
    <ignored/>
  </testcase> <!-- @BeforeSuite setUp -->
  <testcase classname="com.app.sunbeam.tests.BaseTest" name="@BeforeSuite setUp" time="0.0">
    <ignored/>
  </testcase> <!-- @BeforeSuite setUp -->
</testsuite>
